<?xml version="1.0" encoding="UTF-8"?>
<testng-results ignored="0" total="1" passed="1" failed="0" skipped="0">
  <reporter-output>
  </reporter-output>
  <suite started-at="2026-03-13T13:06:01 IST" name="Default suite" finished-at="2026-03-13T13:06:09 IST" duration-ms="8213">
    <groups>
    </groups>
    <test started-at="2026-03-13T13:06:01 IST" name="Default test" finished-at="2026-03-13T13:06:09 IST" duration-ms="8213">
      <class name="tests.LoginTest">
        <test-method is-config="true" signature="setup()[pri:0, instance:tests.LoginTest@47eaca72]" started-at="2026-03-13T13:06:01 IST" name="setup" finished-at="2026-03-13T13:06:04 IST" duration-ms="3035" status="PASS">
          <reporter-output>
          </reporter-output>
        </test-method> <!-- setup -->
        <test-method signature="testValidLogin()[pri:0, instance:tests.LoginTest@47eaca72]" started-at="2026-03-13T13:06:04 IST" name="testValidLogin" finished-at="2026-03-13T13:06:08 IST" duration-ms="4798" status="PASS">
          <reporter-output>
          </reporter-output>
        </test-method> <!-- testValidLogin -->
        <test-method is-config="true" signature="teardown()[pri:0, instance:tests.LoginTest@47eaca72]" started-at="2026-03-13T13:06:08 IST" name="teardown" finished-at="2026-03-13T13:06:09 IST" duration-ms="324" status="PASS">
          <reporter-output>
          </reporter-output>
        </test-method> <!-- teardown -->
      </class> <!-- tests.LoginTest -->
    </test> <!-- Default test -->
  </suite> <!-- Default suite -->
</testng-results>
