<?xml version="1.0" encoding="UTF-8"?>
<testng-results ignored="0" total="1" passed="1" failed="0" skipped="0">
  <reporter-output>
  </reporter-output>
  <suite started-at="2026-03-11T13:14:55 IST" name="LoginSuite" finished-at="2026-03-11T13:15:00 IST" duration-ms="4996">
    <groups>
    </groups>
    <test started-at="2026-03-11T13:14:55 IST" name="LoginTests" finished-at="2026-03-11T13:15:00 IST" duration-ms="4996">
      <class name="tests.LoginTest">
        <test-method is-config="true" signature="setup()[pri:0, instance:tests.LoginTest@689604d9]" started-at="2026-03-11T13:14:55 IST" name="setup" finished-at="2026-03-11T13:14:59 IST" duration-ms="4132" status="PASS">
          <reporter-output>
          </reporter-output>
        </test-method> <!-- setup -->
        <test-method signature="testValidLogin()[pri:0, instance:tests.LoginTest@689604d9]" started-at="2026-03-11T13:14:59 IST" name="testValidLogin" finished-at="2026-03-11T13:15:00 IST" duration-ms="811" status="PASS">
          <reporter-output>
          </reporter-output>
        </test-method> <!-- testValidLogin -->
        <test-method is-config="true" signature="teardown()[pri:0, instance:tests.LoginTest@689604d9]" started-at="2026-03-11T13:15:00 IST" name="teardown" finished-at="2026-03-11T13:15:00 IST" duration-ms="1" status="PASS">
          <reporter-output>
          </reporter-output>
        </test-method> <!-- teardown -->
      </class> <!-- tests.LoginTest -->
    </test> <!-- LoginTests -->
  </suite> <!-- LoginSuite -->
</testng-results>
