<?xml version="1.0" encoding="UTF-8"?>
<!-- Generated by org.testng.reporters.JUnitXMLReporter -->
<testsuite ignored="0" hostname="DESKTOP-BSPHKVA" failures="1" tests="1" name="LoginTests" time="11.432" errors="0" timestamp="2026-09-05T18:32:31 IST">
  <testcase classname="tests.LoginTest" name="testValidLogin" time="1.649">
    <failure type="java.lang.AssertionError" message="expected [Just a moment...] but found [nopCommerce demo store. Login]">
      <![CDATA[java.lang.AssertionError: expected [Just a moment...] but found [nopCommerce demo store. Login]
at tests.LoginTest.testValidLogin(LoginTest.java:66)
at java.base/java.util.ArrayList.forEach(ArrayList.java:1596)
... Removed 31 stack frames]]>
    </failure>
  </testcase> <!-- testValidLogin -->
</testsuite> <!-- LoginTests -->
